<?xml version="1.0" encoding="UTF-8"?>
<!-- Generated by org.testng.reporters.JUnitReportReporter -->
<testsuite skipped="0" hostname="kalsangs-MacBook-Pro.local" name="runner.TestRunner" tests="3" failures="0" timestamp="2023-02-12T17:07:33 EST" time="38.799" errors="0">
  <testcase name="runScenario" time="13.800" classname="runner.TestRunner"/>
  <system-out/>
  <testcase name="runScenario" time="12.089" classname="runner.TestRunner"/>
  <system-out/>
  <testcase name="runScenario" time="12.910" classname="runner.TestRunner"/>
  <system-out/>
</testsuite> <!-- runner.TestRunner -->
