<?xml version="1.0" encoding="UTF-8"?>
<!-- Generated by org.testng.reporters.JUnitReportReporter -->
<testsuite skipped="0" hostname="kalsangs-MBP" name="runner.TestRunner" tests="3" failures="0" timestamp="2023-02-08T22:01:20 EST" time="19.287" errors="0">
  <testcase name="runScenario" time="5.674" classname="runner.TestRunner"/>
  <system-out/>
  <testcase name="runScenario" time="5.501" classname="runner.TestRunner"/>
  <system-out/>
  <testcase name="runScenario" time="8.112" classname="runner.TestRunner"/>
  <system-out/>
</testsuite> <!-- runner.TestRunner -->
